[ERROR] 2019-06-28 13:05:53.251 [main] ReOracle - Unable to execute sql query
java.sql.SQLIntegrityConstraintViolationException: ORA-02291: integrity constraint (EB012914.REQUEST_ALLEMPLOYEES) violated - parent key not found
ORA-06512: at "EB012914.CREATE_REQUEST", line 4

	at oracle.jdbc.driver.T4CTTIoer11.processError(T4CTTIoer11.java:494) ~[ojdbc8-12.1.0.jar:12.2.0.1.0]
	at oracle.jdbc.driver.T4CTTIoer11.processError(T4CTTIoer11.java:446) ~[ojdbc8-12.1.0.jar:12.2.0.1.0]
	at oracle.jdbc.driver.T4C8Oall.processError(T4C8Oall.java:1054) ~[ojdbc8-12.1.0.jar:12.2.0.1.0]
	at oracle.jdbc.driver.T4CTTIfun.receive(T4CTTIfun.java:623) ~[ojdbc8-12.1.0.jar:12.2.0.1.0]
	at oracle.jdbc.driver.T4CTTIfun.doRPC(T4CTTIfun.java:252) ~[ojdbc8-12.1.0.jar:12.2.0.1.0]
	at oracle.jdbc.driver.T4C8Oall.doOALL(T4C8Oall.java:612) ~[ojdbc8-12.1.0.jar:12.2.0.1.0]
	at oracle.jdbc.driver.T4CCallableStatement.doOall8(T4CCallableStatement.java:223) ~[ojdbc8-12.1.0.jar:12.2.0.1.0]
	at oracle.jdbc.driver.T4CCallableStatement.doOall8(T4CCallableStatement.java:56) ~[ojdbc8-12.1.0.jar:12.2.0.1.0]
	at oracle.jdbc.driver.T4CCallableStatement.executeForRows(T4CCallableStatement.java:907) ~[ojdbc8-12.1.0.jar:12.2.0.1.0]
	at oracle.jdbc.driver.OracleStatement.doExecuteWithTimeout(OracleStatement.java:1119) ~[ojdbc8-12.1.0.jar:12.2.0.1.0]
	at oracle.jdbc.driver.OraclePreparedStatement.executeInternal(OraclePreparedStatement.java:3780) ~[ojdbc8-12.1.0.jar:12.2.0.1.0]
	at oracle.jdbc.driver.T4CCallableStatement.executeInternal(T4CCallableStatement.java:1300) ~[ojdbc8-12.1.0.jar:12.2.0.1.0]
	at oracle.jdbc.driver.OraclePreparedStatement.executeLargeUpdate(OraclePreparedStatement.java:3865) ~[ojdbc8-12.1.0.jar:12.2.0.1.0]
	at oracle.jdbc.driver.OraclePreparedStatement.executeUpdate(OraclePreparedStatement.java:3845) ~[ojdbc8-12.1.0.jar:12.2.0.1.0]
	at oracle.jdbc.driver.OracleCallableStatement.executeUpdate(OracleCallableStatement.java:4253) ~[ojdbc8-12.1.0.jar:12.2.0.1.0]
	at oracle.jdbc.driver.OraclePreparedStatementWrapper.executeUpdate(OraclePreparedStatementWrapper.java:1061) ~[ojdbc8-12.1.0.jar:12.2.0.1.0]
	at dao.ReOracle.insertRe(ReOracle.java:196) [classes/:?]
	at dao.ReService.insertRe(ReService.java:33) [classes/:?]
	at application.employees.submitRequest(employees.java:173) [classes/:?]
	at application.system.main(system.java:28) [classes/:?]
Caused by: oracle.jdbc.OracleDatabaseException: ORA-02291: integrity constraint (EB012914.REQUEST_ALLEMPLOYEES) violated - parent key not found
ORA-06512: at "EB012914.CREATE_REQUEST", line 4

	at oracle.jdbc.driver.T4CTTIoer11.processError(T4CTTIoer11.java:498) ~[ojdbc8-12.1.0.jar:12.2.0.1.0]
	... 19 more
[ERROR] 2019-06-28 13:07:18.499 [main] ReOracle - Unable to execute sql query
java.sql.SQLIntegrityConstraintViolationException: ORA-02291: integrity constraint (EB012914.REQUEST_ALLEMPLOYEES) violated - parent key not found
ORA-06512: at "EB012914.CREATE_REQUEST", line 4

	at oracle.jdbc.driver.T4CTTIoer11.processError(T4CTTIoer11.java:494) ~[ojdbc8-12.1.0.jar:12.2.0.1.0]
	at oracle.jdbc.driver.T4CTTIoer11.processError(T4CTTIoer11.java:446) ~[ojdbc8-12.1.0.jar:12.2.0.1.0]
	at oracle.jdbc.driver.T4C8Oall.processError(T4C8Oall.java:1054) ~[ojdbc8-12.1.0.jar:12.2.0.1.0]
	at oracle.jdbc.driver.T4CTTIfun.receive(T4CTTIfun.java:623) ~[ojdbc8-12.1.0.jar:12.2.0.1.0]
	at oracle.jdbc.driver.T4CTTIfun.doRPC(T4CTTIfun.java:252) ~[ojdbc8-12.1.0.jar:12.2.0.1.0]
	at oracle.jdbc.driver.T4C8Oall.doOALL(T4C8Oall.java:612) ~[ojdbc8-12.1.0.jar:12.2.0.1.0]
	at oracle.jdbc.driver.T4CCallableStatement.doOall8(T4CCallableStatement.java:223) ~[ojdbc8-12.1.0.jar:12.2.0.1.0]
	at oracle.jdbc.driver.T4CCallableStatement.doOall8(T4CCallableStatement.java:56) ~[ojdbc8-12.1.0.jar:12.2.0.1.0]
	at oracle.jdbc.driver.T4CCallableStatement.executeForRows(T4CCallableStatement.java:907) ~[ojdbc8-12.1.0.jar:12.2.0.1.0]
	at oracle.jdbc.driver.OracleStatement.doExecuteWithTimeout(OracleStatement.java:1119) ~[ojdbc8-12.1.0.jar:12.2.0.1.0]
	at oracle.jdbc.driver.OraclePreparedStatement.executeInternal(OraclePreparedStatement.java:3780) ~[ojdbc8-12.1.0.jar:12.2.0.1.0]
	at oracle.jdbc.driver.T4CCallableStatement.executeInternal(T4CCallableStatement.java:1300) ~[ojdbc8-12.1.0.jar:12.2.0.1.0]
	at oracle.jdbc.driver.OraclePreparedStatement.executeLargeUpdate(OraclePreparedStatement.java:3865) ~[ojdbc8-12.1.0.jar:12.2.0.1.0]
	at oracle.jdbc.driver.OraclePreparedStatement.executeUpdate(OraclePreparedStatement.java:3845) ~[ojdbc8-12.1.0.jar:12.2.0.1.0]
	at oracle.jdbc.driver.OracleCallableStatement.executeUpdate(OracleCallableStatement.java:4253) ~[ojdbc8-12.1.0.jar:12.2.0.1.0]
	at oracle.jdbc.driver.OraclePreparedStatementWrapper.executeUpdate(OraclePreparedStatementWrapper.java:1061) ~[ojdbc8-12.1.0.jar:12.2.0.1.0]
	at dao.ReOracle.insertRe(ReOracle.java:196) [classes/:?]
	at dao.ReService.insertRe(ReService.java:33) [classes/:?]
	at application.employees.submitRequest(employees.java:173) [classes/:?]
	at application.system.main(system.java:28) [classes/:?]
Caused by: oracle.jdbc.OracleDatabaseException: ORA-02291: integrity constraint (EB012914.REQUEST_ALLEMPLOYEES) violated - parent key not found
ORA-06512: at "EB012914.CREATE_REQUEST", line 4

	at oracle.jdbc.driver.T4CTTIoer11.processError(T4CTTIoer11.java:498) ~[ojdbc8-12.1.0.jar:12.2.0.1.0]
	... 19 more
[ERROR] 2019-06-28 14:54:27.665 [main] ReOracle - Unable to execute sql query
java.sql.SQLException: Invalid column name
	at oracle.jdbc.driver.OracleStatement.getColumnIndex(OracleStatement.java:3757) ~[ojdbc8-12.1.0.jar:12.2.0.1.0]
	at oracle.jdbc.driver.InsensitiveScrollableResultSet.findColumn(InsensitiveScrollableResultSet.java:264) ~[ojdbc8-12.1.0.jar:12.2.0.1.0]
	at oracle.jdbc.driver.GeneratedResultSet.getString(GeneratedResultSet.java:594) ~[ojdbc8-12.1.0.jar:12.2.0.1.0]
	at dao.ReOracle.getAll(ReOracle.java:50) [classes/:?]
	at dao.ReService.getAllAccounts(ReService.java:14) [classes/:?]
	at application.admin.viewAllEmployees(admin.java:214) [classes/:?]
	at application.system.main(system.java:30) [classes/:?]
[ERROR] 2019-06-28 14:56:10.434 [main] ReOracle - Unable to execute sql query
java.sql.SQLException: Invalid column name
	at oracle.jdbc.driver.OracleStatement.getColumnIndex(OracleStatement.java:3757) ~[ojdbc8-12.1.0.jar:12.2.0.1.0]
	at oracle.jdbc.driver.InsensitiveScrollableResultSet.findColumn(InsensitiveScrollableResultSet.java:264) ~[ojdbc8-12.1.0.jar:12.2.0.1.0]
	at oracle.jdbc.driver.GeneratedResultSet.getString(GeneratedResultSet.java:594) ~[ojdbc8-12.1.0.jar:12.2.0.1.0]
	at dao.ReOracle.getAll(ReOracle.java:50) [classes/:?]
	at dao.ReService.getAllAccounts(ReService.java:14) [classes/:?]
	at application.admin.viewAllEmployees(admin.java:214) [classes/:?]
	at application.system.main(system.java:30) [classes/:?]
[ERROR] 2019-06-28 15:11:47.277 [main] ReOracle - Unable to execute sql query
java.sql.SQLIntegrityConstraintViolationException: ORA-02291: integrity constraint (EB012914.REQUEST_ALLEMPLOYEES) violated - parent key not found
ORA-06512: at "EB012914.CREATE_REQUEST", line 4

	at oracle.jdbc.driver.T4CTTIoer11.processError(T4CTTIoer11.java:494) ~[ojdbc8-12.1.0.jar:12.2.0.1.0]
	at oracle.jdbc.driver.T4CTTIoer11.processError(T4CTTIoer11.java:446) ~[ojdbc8-12.1.0.jar:12.2.0.1.0]
	at oracle.jdbc.driver.T4C8Oall.processError(T4C8Oall.java:1054) ~[ojdbc8-12.1.0.jar:12.2.0.1.0]
	at oracle.jdbc.driver.T4CTTIfun.receive(T4CTTIfun.java:623) ~[ojdbc8-12.1.0.jar:12.2.0.1.0]
	at oracle.jdbc.driver.T4CTTIfun.doRPC(T4CTTIfun.java:252) ~[ojdbc8-12.1.0.jar:12.2.0.1.0]
	at oracle.jdbc.driver.T4C8Oall.doOALL(T4C8Oall.java:612) ~[ojdbc8-12.1.0.jar:12.2.0.1.0]
	at oracle.jdbc.driver.T4CCallableStatement.doOall8(T4CCallableStatement.java:223) ~[ojdbc8-12.1.0.jar:12.2.0.1.0]
	at oracle.jdbc.driver.T4CCallableStatement.doOall8(T4CCallableStatement.java:56) ~[ojdbc8-12.1.0.jar:12.2.0.1.0]
	at oracle.jdbc.driver.T4CCallableStatement.executeForRows(T4CCallableStatement.java:907) ~[ojdbc8-12.1.0.jar:12.2.0.1.0]
	at oracle.jdbc.driver.OracleStatement.doExecuteWithTimeout(OracleStatement.java:1119) ~[ojdbc8-12.1.0.jar:12.2.0.1.0]
	at oracle.jdbc.driver.OraclePreparedStatement.executeInternal(OraclePreparedStatement.java:3780) ~[ojdbc8-12.1.0.jar:12.2.0.1.0]
	at oracle.jdbc.driver.T4CCallableStatement.executeInternal(T4CCallableStatement.java:1300) ~[ojdbc8-12.1.0.jar:12.2.0.1.0]
	at oracle.jdbc.driver.OraclePreparedStatement.executeLargeUpdate(OraclePreparedStatement.java:3865) ~[ojdbc8-12.1.0.jar:12.2.0.1.0]
	at oracle.jdbc.driver.OraclePreparedStatement.executeUpdate(OraclePreparedStatement.java:3845) ~[ojdbc8-12.1.0.jar:12.2.0.1.0]
	at oracle.jdbc.driver.OracleCallableStatement.executeUpdate(OracleCallableStatement.java:4253) ~[ojdbc8-12.1.0.jar:12.2.0.1.0]
	at oracle.jdbc.driver.OraclePreparedStatementWrapper.executeUpdate(OraclePreparedStatementWrapper.java:1061) ~[ojdbc8-12.1.0.jar:12.2.0.1.0]
	at dao.ReOracle.insertRe(ReOracle.java:224) [classes/:?]
	at dao.ReService.insertRe(ReService.java:39) [classes/:?]
	at application.employees.submitRequest(employees.java:177) [classes/:?]
	at application.system.main(system.java:31) [classes/:?]
Caused by: oracle.jdbc.OracleDatabaseException: ORA-02291: integrity constraint (EB012914.REQUEST_ALLEMPLOYEES) violated - parent key not found
ORA-06512: at "EB012914.CREATE_REQUEST", line 4

	at oracle.jdbc.driver.T4CTTIoer11.processError(T4CTTIoer11.java:498) ~[ojdbc8-12.1.0.jar:12.2.0.1.0]
	... 19 more
[ERROR] 2019-06-28 15:12:51.113 [main] ReOracle - Unable to execute sql query
java.sql.SQLIntegrityConstraintViolationException: ORA-02291: integrity constraint (EB012914.REQUEST_ALLEMPLOYEES) violated - parent key not found
ORA-06512: at "EB012914.CREATE_REQUEST", line 4

	at oracle.jdbc.driver.T4CTTIoer11.processError(T4CTTIoer11.java:494) ~[ojdbc8-12.1.0.jar:12.2.0.1.0]
	at oracle.jdbc.driver.T4CTTIoer11.processError(T4CTTIoer11.java:446) ~[ojdbc8-12.1.0.jar:12.2.0.1.0]
	at oracle.jdbc.driver.T4C8Oall.processError(T4C8Oall.java:1054) ~[ojdbc8-12.1.0.jar:12.2.0.1.0]
	at oracle.jdbc.driver.T4CTTIfun.receive(T4CTTIfun.java:623) ~[ojdbc8-12.1.0.jar:12.2.0.1.0]
	at oracle.jdbc.driver.T4CTTIfun.doRPC(T4CTTIfun.java:252) ~[ojdbc8-12.1.0.jar:12.2.0.1.0]
	at oracle.jdbc.driver.T4C8Oall.doOALL(T4C8Oall.java:612) ~[ojdbc8-12.1.0.jar:12.2.0.1.0]
	at oracle.jdbc.driver.T4CCallableStatement.doOall8(T4CCallableStatement.java:223) ~[ojdbc8-12.1.0.jar:12.2.0.1.0]
	at oracle.jdbc.driver.T4CCallableStatement.doOall8(T4CCallableStatement.java:56) ~[ojdbc8-12.1.0.jar:12.2.0.1.0]
	at oracle.jdbc.driver.T4CCallableStatement.executeForRows(T4CCallableStatement.java:907) ~[ojdbc8-12.1.0.jar:12.2.0.1.0]
	at oracle.jdbc.driver.OracleStatement.doExecuteWithTimeout(OracleStatement.java:1119) ~[ojdbc8-12.1.0.jar:12.2.0.1.0]
	at oracle.jdbc.driver.OraclePreparedStatement.executeInternal(OraclePreparedStatement.java:3780) ~[ojdbc8-12.1.0.jar:12.2.0.1.0]
	at oracle.jdbc.driver.T4CCallableStatement.executeInternal(T4CCallableStatement.java:1300) ~[ojdbc8-12.1.0.jar:12.2.0.1.0]
	at oracle.jdbc.driver.OraclePreparedStatement.executeLargeUpdate(OraclePreparedStatement.java:3865) ~[ojdbc8-12.1.0.jar:12.2.0.1.0]
	at oracle.jdbc.driver.OraclePreparedStatement.executeUpdate(OraclePreparedStatement.java:3845) ~[ojdbc8-12.1.0.jar:12.2.0.1.0]
	at oracle.jdbc.driver.OracleCallableStatement.executeUpdate(OracleCallableStatement.java:4253) ~[ojdbc8-12.1.0.jar:12.2.0.1.0]
	at oracle.jdbc.driver.OraclePreparedStatementWrapper.executeUpdate(OraclePreparedStatementWrapper.java:1061) ~[ojdbc8-12.1.0.jar:12.2.0.1.0]
	at dao.ReOracle.insertRe(ReOracle.java:224) [classes/:?]
	at dao.ReService.insertRe(ReService.java:39) [classes/:?]
	at application.employees.submitRequest(employees.java:177) [classes/:?]
	at application.system.main(system.java:31) [classes/:?]
Caused by: oracle.jdbc.OracleDatabaseException: ORA-02291: integrity constraint (EB012914.REQUEST_ALLEMPLOYEES) violated - parent key not found
ORA-06512: at "EB012914.CREATE_REQUEST", line 4

	at oracle.jdbc.driver.T4CTTIoer11.processError(T4CTTIoer11.java:498) ~[ojdbc8-12.1.0.jar:12.2.0.1.0]
	... 19 more
[ERROR] 2019-06-28 15:16:37.432 [main] ReOracle - Unable to execute sql query
java.sql.SQLException: Invalid column name
	at oracle.jdbc.driver.OracleStatement.getColumnIndex(OracleStatement.java:3757) ~[ojdbc8-12.1.0.jar:12.2.0.1.0]
	at oracle.jdbc.driver.InsensitiveScrollableResultSet.findColumn(InsensitiveScrollableResultSet.java:264) ~[ojdbc8-12.1.0.jar:12.2.0.1.0]
	at oracle.jdbc.driver.GeneratedResultSet.getString(GeneratedResultSet.java:594) ~[ojdbc8-12.1.0.jar:12.2.0.1.0]
	at dao.ReOracle.loginE(ReOracle.java:132) [classes/:?]
	at dao.ReService.loginE(ReService.java:27) [classes/:?]
	at application.employees.login(employees.java:163) [classes/:?]
	at application.system.main(system.java:23) [classes/:?]
[ERROR] 2019-06-28 16:11:48.750 [main] ReOracle - Unable to execute sql query
java.sql.SQLSyntaxErrorException: ORA-00904: "EMPLOYEE_ID": invalid identifier

	at oracle.jdbc.driver.T4CTTIoer11.processError(T4CTTIoer11.java:494) ~[ojdbc8-12.1.0.jar:12.2.0.1.0]
	at oracle.jdbc.driver.T4CTTIoer11.processError(T4CTTIoer11.java:446) ~[ojdbc8-12.1.0.jar:12.2.0.1.0]
	at oracle.jdbc.driver.T4C8Oall.processError(T4C8Oall.java:1054) ~[ojdbc8-12.1.0.jar:12.2.0.1.0]
	at oracle.jdbc.driver.T4CTTIfun.receive(T4CTTIfun.java:623) ~[ojdbc8-12.1.0.jar:12.2.0.1.0]
	at oracle.jdbc.driver.T4CTTIfun.doRPC(T4CTTIfun.java:252) ~[ojdbc8-12.1.0.jar:12.2.0.1.0]
	at oracle.jdbc.driver.T4C8Oall.doOALL(T4C8Oall.java:612) ~[ojdbc8-12.1.0.jar:12.2.0.1.0]
	at oracle.jdbc.driver.T4CPreparedStatement.doOall8(T4CPreparedStatement.java:226) ~[ojdbc8-12.1.0.jar:12.2.0.1.0]
	at oracle.jdbc.driver.T4CPreparedStatement.doOall8(T4CPreparedStatement.java:59) ~[ojdbc8-12.1.0.jar:12.2.0.1.0]
	at oracle.jdbc.driver.T4CPreparedStatement.executeForDescribe(T4CPreparedStatement.java:747) ~[ojdbc8-12.1.0.jar:12.2.0.1.0]
	at oracle.jdbc.driver.OracleStatement.executeMaybeDescribe(OracleStatement.java:904) ~[ojdbc8-12.1.0.jar:12.2.0.1.0]
	at oracle.jdbc.driver.OracleStatement.doExecuteWithTimeout(OracleStatement.java:1082) ~[ojdbc8-12.1.0.jar:12.2.0.1.0]
	at oracle.jdbc.driver.OraclePreparedStatement.executeInternal(OraclePreparedStatement.java:3780) ~[ojdbc8-12.1.0.jar:12.2.0.1.0]
	at oracle.jdbc.driver.T4CPreparedStatement.executeInternal(T4CPreparedStatement.java:1343) ~[ojdbc8-12.1.0.jar:12.2.0.1.0]
	at oracle.jdbc.driver.OraclePreparedStatement.executeQuery(OraclePreparedStatement.java:3822) ~[ojdbc8-12.1.0.jar:12.2.0.1.0]
	at oracle.jdbc.driver.OraclePreparedStatementWrapper.executeQuery(OraclePreparedStatementWrapper.java:1165) ~[ojdbc8-12.1.0.jar:12.2.0.1.0]
	at dao.ReOracle.getInfo(ReOracle.java:75) [classes/:?]
	at dao.ReService.getInfo(ReService.java:17) [classes/:?]
	at application.employees.viewInformation(employees.java:210) [classes/:?]
	at application.system.main(system.java:25) [classes/:?]
Caused by: oracle.jdbc.OracleDatabaseException: ORA-00904: "EMPLOYEE_ID": invalid identifier

	at oracle.jdbc.driver.T4CTTIoer11.processError(T4CTTIoer11.java:498) ~[ojdbc8-12.1.0.jar:12.2.0.1.0]
	... 18 more
[ERROR] 2019-06-28 16:38:45.066 [main] ReOracle - Unable to execute sql query
java.sql.SQLSyntaxErrorException: ORA-00920: invalid relational operator

	at oracle.jdbc.driver.T4CTTIoer11.processError(T4CTTIoer11.java:494) ~[ojdbc8-12.1.0.jar:12.2.0.1.0]
	at oracle.jdbc.driver.T4CTTIoer11.processError(T4CTTIoer11.java:446) ~[ojdbc8-12.1.0.jar:12.2.0.1.0]
	at oracle.jdbc.driver.T4C8Oall.processError(T4C8Oall.java:1054) ~[ojdbc8-12.1.0.jar:12.2.0.1.0]
	at oracle.jdbc.driver.T4CTTIfun.receive(T4CTTIfun.java:623) ~[ojdbc8-12.1.0.jar:12.2.0.1.0]
	at oracle.jdbc.driver.T4CTTIfun.doRPC(T4CTTIfun.java:252) ~[ojdbc8-12.1.0.jar:12.2.0.1.0]
	at oracle.jdbc.driver.T4C8Oall.doOALL(T4C8Oall.java:612) ~[ojdbc8-12.1.0.jar:12.2.0.1.0]
	at oracle.jdbc.driver.T4CCallableStatement.doOall8(T4CCallableStatement.java:223) ~[ojdbc8-12.1.0.jar:12.2.0.1.0]
	at oracle.jdbc.driver.T4CCallableStatement.doOall8(T4CCallableStatement.java:56) ~[ojdbc8-12.1.0.jar:12.2.0.1.0]
	at oracle.jdbc.driver.T4CCallableStatement.executeForRows(T4CCallableStatement.java:907) ~[ojdbc8-12.1.0.jar:12.2.0.1.0]
	at oracle.jdbc.driver.OracleStatement.doExecuteWithTimeout(OracleStatement.java:1119) ~[ojdbc8-12.1.0.jar:12.2.0.1.0]
	at oracle.jdbc.driver.OraclePreparedStatement.executeInternal(OraclePreparedStatement.java:3780) ~[ojdbc8-12.1.0.jar:12.2.0.1.0]
	at oracle.jdbc.driver.T4CCallableStatement.executeInternal(T4CCallableStatement.java:1300) ~[ojdbc8-12.1.0.jar:12.2.0.1.0]
	at oracle.jdbc.driver.OraclePreparedStatement.executeLargeUpdate(OraclePreparedStatement.java:3865) ~[ojdbc8-12.1.0.jar:12.2.0.1.0]
	at oracle.jdbc.driver.OraclePreparedStatement.executeUpdate(OraclePreparedStatement.java:3845) ~[ojdbc8-12.1.0.jar:12.2.0.1.0]
	at oracle.jdbc.driver.OracleCallableStatement.executeUpdate(OracleCallableStatement.java:4253) ~[ojdbc8-12.1.0.jar:12.2.0.1.0]
	at oracle.jdbc.driver.OraclePreparedStatementWrapper.executeUpdate(OraclePreparedStatementWrapper.java:1061) ~[ojdbc8-12.1.0.jar:12.2.0.1.0]
	at dao.ReOracle.updateEmp(ReOracle.java:250) [classes/:?]
	at dao.ReService.updateEmp(ReService.java:43) [classes/:?]
	at application.employees.updateInformation(employees.java:223) [classes/:?]
	at application.system.main(system.java:28) [classes/:?]
Caused by: oracle.jdbc.OracleDatabaseException: ORA-00920: invalid relational operator

	at oracle.jdbc.driver.T4CTTIoer11.processError(T4CTTIoer11.java:498) ~[ojdbc8-12.1.0.jar:12.2.0.1.0]
	... 19 more
[ERROR] 2019-06-28 16:44:33.887 [main] ReOracle - Unable to execute sql query
java.sql.SQLException: Missing IN or OUT parameter at index:: 8
	at oracle.jdbc.driver.OraclePreparedStatement.processCompletedBindRow(OraclePreparedStatement.java:2086) ~[ojdbc8-12.1.0.jar:12.2.0.1.0]
	at oracle.jdbc.driver.OraclePreparedStatement.executeInternal(OraclePreparedStatement.java:3772) ~[ojdbc8-12.1.0.jar:12.2.0.1.0]
	at oracle.jdbc.driver.T4CCallableStatement.executeInternal(T4CCallableStatement.java:1300) ~[ojdbc8-12.1.0.jar:12.2.0.1.0]
	at oracle.jdbc.driver.OraclePreparedStatement.executeLargeUpdate(OraclePreparedStatement.java:3865) ~[ojdbc8-12.1.0.jar:12.2.0.1.0]
	at oracle.jdbc.driver.OraclePreparedStatement.executeUpdate(OraclePreparedStatement.java:3845) ~[ojdbc8-12.1.0.jar:12.2.0.1.0]
	at oracle.jdbc.driver.OracleCallableStatement.executeUpdate(OracleCallableStatement.java:4253) ~[ojdbc8-12.1.0.jar:12.2.0.1.0]
	at oracle.jdbc.driver.OraclePreparedStatementWrapper.executeUpdate(OraclePreparedStatementWrapper.java:1061) ~[ojdbc8-12.1.0.jar:12.2.0.1.0]
	at dao.ReOracle.updateEmp(ReOracle.java:251) [classes/:?]
	at dao.ReService.updateEmp(ReService.java:43) [classes/:?]
	at application.employees.updateInformation(employees.java:223) [classes/:?]
	at application.system.main(system.java:28) [classes/:?]
[ERROR] 2019-06-28 16:46:29.466 [main] ReOracle - Unable to execute sql query
java.sql.SQLException: Missing IN or OUT parameter at index:: 8
	at oracle.jdbc.driver.OraclePreparedStatement.processCompletedBindRow(OraclePreparedStatement.java:2086) ~[ojdbc8-12.1.0.jar:12.2.0.1.0]
	at oracle.jdbc.driver.OraclePreparedStatement.executeInternal(OraclePreparedStatement.java:3772) ~[ojdbc8-12.1.0.jar:12.2.0.1.0]
	at oracle.jdbc.driver.T4CPreparedStatement.executeInternal(T4CPreparedStatement.java:1343) ~[ojdbc8-12.1.0.jar:12.2.0.1.0]
	at oracle.jdbc.driver.OraclePreparedStatement.executeLargeUpdate(OraclePreparedStatement.java:3865) ~[ojdbc8-12.1.0.jar:12.2.0.1.0]
	at oracle.jdbc.driver.OraclePreparedStatement.executeUpdate(OraclePreparedStatement.java:3845) ~[ojdbc8-12.1.0.jar:12.2.0.1.0]
	at oracle.jdbc.driver.OraclePreparedStatementWrapper.executeUpdate(OraclePreparedStatementWrapper.java:1061) ~[ojdbc8-12.1.0.jar:12.2.0.1.0]
	at dao.ReOracle.updateEmp(ReOracle.java:251) [classes/:?]
	at dao.ReService.updateEmp(ReService.java:43) [classes/:?]
	at application.employees.updateInformation(employees.java:223) [classes/:?]
	at application.system.main(system.java:28) [classes/:?]
[ERROR] 2019-06-28 16:48:12.796 [main] ReOracle - Unable to execute sql query
java.sql.SQLSyntaxErrorException: ORA-00933: SQL command not properly ended

	at oracle.jdbc.driver.T4CTTIoer11.processError(T4CTTIoer11.java:494) ~[ojdbc8-12.1.0.jar:12.2.0.1.0]
	at oracle.jdbc.driver.T4CTTIoer11.processError(T4CTTIoer11.java:446) ~[ojdbc8-12.1.0.jar:12.2.0.1.0]
	at oracle.jdbc.driver.T4C8Oall.processError(T4C8Oall.java:1054) ~[ojdbc8-12.1.0.jar:12.2.0.1.0]
	at oracle.jdbc.driver.T4CTTIfun.receive(T4CTTIfun.java:623) ~[ojdbc8-12.1.0.jar:12.2.0.1.0]
	at oracle.jdbc.driver.T4CTTIfun.doRPC(T4CTTIfun.java:252) ~[ojdbc8-12.1.0.jar:12.2.0.1.0]
	at oracle.jdbc.driver.T4C8Oall.doOALL(T4C8Oall.java:612) ~[ojdbc8-12.1.0.jar:12.2.0.1.0]
	at oracle.jdbc.driver.T4CPreparedStatement.doOall8(T4CPreparedStatement.java:226) ~[ojdbc8-12.1.0.jar:12.2.0.1.0]
	at oracle.jdbc.driver.T4CPreparedStatement.doOall8(T4CPreparedStatement.java:59) ~[ojdbc8-12.1.0.jar:12.2.0.1.0]
	at oracle.jdbc.driver.T4CPreparedStatement.executeForRows(T4CPreparedStatement.java:910) ~[ojdbc8-12.1.0.jar:12.2.0.1.0]
	at oracle.jdbc.driver.OracleStatement.doExecuteWithTimeout(OracleStatement.java:1119) ~[ojdbc8-12.1.0.jar:12.2.0.1.0]
	at oracle.jdbc.driver.OraclePreparedStatement.executeInternal(OraclePreparedStatement.java:3780) ~[ojdbc8-12.1.0.jar:12.2.0.1.0]
	at oracle.jdbc.driver.T4CPreparedStatement.executeInternal(T4CPreparedStatement.java:1343) ~[ojdbc8-12.1.0.jar:12.2.0.1.0]
	at oracle.jdbc.driver.OraclePreparedStatement.executeLargeUpdate(OraclePreparedStatement.java:3865) ~[ojdbc8-12.1.0.jar:12.2.0.1.0]
	at oracle.jdbc.driver.OraclePreparedStatement.executeUpdate(OraclePreparedStatement.java:3845) ~[ojdbc8-12.1.0.jar:12.2.0.1.0]
	at oracle.jdbc.driver.OraclePreparedStatementWrapper.executeUpdate(OraclePreparedStatementWrapper.java:1061) ~[ojdbc8-12.1.0.jar:12.2.0.1.0]
	at dao.ReOracle.updateEmp(ReOracle.java:251) [classes/:?]
	at dao.ReService.updateEmp(ReService.java:43) [classes/:?]
	at application.employees.updateInformation(employees.java:223) [classes/:?]
	at application.system.main(system.java:28) [classes/:?]
Caused by: oracle.jdbc.OracleDatabaseException: ORA-00933: SQL command not properly ended

	at oracle.jdbc.driver.T4CTTIoer11.processError(T4CTTIoer11.java:498) ~[ojdbc8-12.1.0.jar:12.2.0.1.0]
	... 18 more
